<?xml version="1.0" encoding="UTF-8" ?>
<testsuite errors="0" failures="0" name="adhoc.structure.WorldTest" tests="1" time="0.439">
  <properties>
    <property name="libs.jaxws20.classpath" value="/Users/paul/Applications/NetBeans.app/Contents/Resources/NetBeans/ide7/modules/ext/jaxws20/activation.jar:/Users/paul/Applications/NetBeans.app/Contents/Resources/NetBeans/ide7/modules/ext/jaxws20/FastInfoset.jar:/Users/paul/Applications/NetBeans.app/Contents/Resources/NetBeans/ide7/modules/ext/jaxws20/http.jar:/Users/paul/Applications/NetBeans.app/Contents/Resources/NetBeans/ide7/modules/ext/jaxws20/jaxb-api.jar:/Users/paul/Applications/NetBeans.app/Contents/Resources/NetBeans/ide7/modules/ext/jaxws20/jaxb-impl.jar:/Users/paul/Applications/NetBeans.app/Contents/Resources/NetBeans/ide7/modules/ext/jaxws20/jaxb-xjc.jar:/Users/paul/Applications/NetBeans.app/Contents/Resources/NetBeans/ide7/modules/ext/jaxws20/jaxws-api.jar:/Users/paul/Applications/NetBeans.app/Contents/Resources/NetBeans/ide7/modules/ext/jaxws20/jaxws-rt.jar:/Users/paul/Applications/NetBeans.app/Contents/Resources/NetBeans/ide7/modules/ext/jaxws20/jaxws-tools.jar:/Users/paul/Applications/NetBeans.app/Contents/Resources/NetBeans/ide7/modules/ext/jaxws20/jsr173_api.jar:/Users/paul/Applications/NetBeans.app/Contents/Resources/NetBeans/ide7/modules/ext/jaxws20/jsr181-api.jar:/Users/paul/Applications/NetBeans.app/Contents/Resources/NetBeans/ide7/modules/ext/jaxws20/jsr250-api.jar:/Users/paul/Applications/NetBeans.app/Contents/Resources/NetBeans/ide7/modules/ext/jaxws20/saaj-api.jar:/Users/paul/Applications/NetBeans.app/Contents/Resources/NetBeans/ide7/modules/ext/jaxws20/saaj-impl.jar:/Users/paul/Applications/NetBeans.app/Contents/Resources/NetBeans/ide7/modules/ext/jaxws20/sjsxp.jar"></property>
    <property name="default.javac.source" value="1.5"></property>
    <property name="file.encoding.pkg" value="sun.io"></property>
    <property name="javac.source" value="1.4"></property>
    <property name="libs.jaxrpc16.src" value=""></property>
    <property name="netbeans.system_http_proxy" value="DIRECT"></property>
    <property name="java.home" value="/System/Library/Frameworks/JavaVM.framework/Versions/1.5.0/Home"></property>
    <property name="platforms.Java_HotSpot_TM__Client_VM_1.4.2-76.bootclasspath" value="/System/Library/Frameworks/JavaVM.framework/Versions/1.4.2/Classes/classes.jar:/System/Library/Frameworks/JavaVM.framework/Versions/1.4.2/Classes/ui.jar:/System/Library/Frameworks/JavaVM.framework/Versions/1.4.2/Classes/laf.jar:/System/Library/Frameworks/JavaVM.framework/Versions/1.4.2/Classes/sunrsasign.jar:/System/Library/Frameworks/JavaVM.framework/Versions/1.4.2/Classes/jsse.jar:/System/Library/Frameworks/JavaVM.framework/Versions/1.4.2/Classes/jce.jar:/System/Library/Frameworks/JavaVM.framework/Versions/1.4.2/Classes/charsets.jar:/System/Library/Java/Extensions/CoreAudio.jar:/System/Library/Java/Extensions/dns_sd.jar:/System/Library/Java/Extensions/j3daudio.jar:/System/Library/Java/Extensions/j3dcore.jar:/System/Library/Java/Extensions/j3dutils.jar:/System/Library/Java/Extensions/jai_codec.jar:/System/Library/Java/Extensions/jai_core.jar:/System/Library/Java/Extensions/mlibwrapper_jai.jar:/System/Library/Java/Extensions/MRJToolkit.jar:/System/Library/Java/Extensions/QTJava.zip:/System/Library/Java/Extensions/QTJSupport.jar:/System/Library/Java/Extensions/vecmath.jar:/System/Library/Frameworks/JavaVM.framework/Versions/1.4.2/Home/lib/ext/apple_provider.jar:/System/Library/Frameworks/JavaVM.framework/Versions/1.4.2/Home/lib/ext/ldapsec.jar:/System/Library/Frameworks/JavaVM.framework/Versions/1.4.2/Home/lib/ext/localedata.jar:/System/Library/Frameworks/JavaVM.framework/Versions/1.4.2/Home/lib/ext/sunjce_provider.jar"></property>
    <property name="test.src.dir" value="test"></property>
    <property name="env-app_name_650" value="NetBeans"></property>
    <property name="javadoc.version" value="false"></property>
    <property name="libs.CopyLibs.classpath" value="/Users/paul/Applications/NetBeans.app/Contents/Resources/NetBeans/ide7/ant/extra/org-netbeans-modules-java-j2seproject-copylibstask.jar"></property>
    <property name="platforms.Java_HotSpot_TM__Client_VM_1.4.2-76.compiler" value="modern"></property>
    <property name="java.endorsed.dirs" value="/System/Library/Frameworks/JavaVM.framework/Versions/1.5.0/Home/lib/endorsed"></property>
    <property name="src.dir" value="src"></property>
    <property name="nbplatform.default.harness.dir" value="/Users/paul/Applications/NetBeans.app/Contents/Resources/NetBeans/harness"></property>
    <property name="netbeans.hash.code" value="unique=447432564"></property>
    <property name="build.sysclasspath" value="ignore"></property>
    <property name="have.sources" value="true"></property>
    <property name="sun.os.patch.level" value="unknown"></property>
    <property name="java.vendor.url" value="http://apple.com/"></property>
    <property name="java.version" value="1.5.0_13"></property>
    <property name="libs.jsf.classpath" value="/Users/paul/Applications/NetBeans.app/Contents/Resources/NetBeans/enterprise3/modules/ext/jsf/commons-beanutils.jar:/Users/paul/Applications/NetBeans.app/Contents/Resources/NetBeans/enterprise3/modules/ext/jsf/commons-collections.jar:/Users/paul/Applications/NetBeans.app/Contents/Resources/NetBeans/enterprise3/modules/ext/jsf/commons-digester.jar:/Users/paul/Applications/NetBeans.app/Contents/Resources/NetBeans/enterprise3/modules/ext/jsf/commons-logging.jar:/Users/paul/Applications/NetBeans.app/Contents/Resources/NetBeans/enterprise3/modules/ext/jsf/jsf-api.jar:/Users/paul/Applications/NetBeans.app/Contents/Resources/NetBeans/enterprise3/modules/ext/jsf/jsf-impl.jar"></property>
    <property name="javac.debug" value="true"></property>
    <property name="org.openide.major.version" value="IDE/1"></property>
    <property name="run.classpath" value="/Users/paul/Applications/NetBeans.app/Contents/Resources/NetBeans/platform6/modules/ext/swing-layout-1.0.jar:build/classes"></property>
    <property name="java.vendor.url.bug" value="http://developer.apple.com/java/"></property>
    <property name="netbeans.autoupdate.variant" value=""></property>
    <property name="wsclientuptodate.classpath" value="/Users/paul/Applications/NetBeans.app/Contents/Resources/NetBeans/enterprise3/ant/extra/wsclientuptodate.jar"></property>
    <property name="libs.absolutelayout.javadoc" value=""></property>
    <property name="netbeans.buildnumber" value="200612070100"></property>
    <property name="manifest.file" value="manifest.mf"></property>
    <property name="user.name" value="paul"></property>
    <property name="Env-SECURITYSESSIONID" value="61d9d0"></property>
    <property name="manifest.available+main.class+mkdist.available" value="true"></property>
    <property name="sun.io.unicode.encoding" value="UnicodeLittle"></property>
    <property name="env-securitysessionid" value="61d9d0"></property>
    <property name="sun.jnu.encoding" value="MacRoman"></property>
    <property name="java.runtime.name" value="Java(TM) 2 Runtime Environment, Standard Edition"></property>
    <property name="jdk.home" value="/System/Library/Frameworks/JavaVM.framework/Versions/1.5/Home"></property>
    <property name="jspc.classpath" value="/Users/paul/Applications/NetBeans.app/Contents/Resources/NetBeans/ide7/ant/lib/ant.jar:/Users/paul/Applications/NetBeans.app/Contents/Resources/NetBeans/enterprise3/modules/ext/servlet2.5-jsp2.1-api.jar:${j2ee.platform.classpath}:/Users/paul/Applications/NetBeans.app/Contents/Resources/NetBeans/enterprise3/modules/ext/glassfish-jspparser.jar:/Users/paul/Applications/NetBeans.app/Contents/Resources/NetBeans/enterprise3/modules/ext/glassfish-logging.jar:/Users/paul/Applications/NetBeans.app/Contents/Resources/NetBeans/ide7/modules/ext/commons-logging-1.0.4.jar"></property>
    <property name="Env-__CF_USER_TEXT_ENCODING" value="0x1F5:0:0"></property>
    <property name="Env-PATH" value="/usr/bin:/bin:/usr/sbin:/sbin"></property>
    <property name="netbeans.autoupdate.version" value="1.20"></property>
    <property name="org.openide.TopManager" value="org.netbeans.core.NonGui"></property>
    <property name="netbeans.dirs" value="/Users/paul/Applications/NetBeans.app/Contents/MacOS/../Resources/NetBeans/bin/../nb5.5:/Users/paul/Applications/NetBeans.app/Contents/MacOS/../Resources/NetBeans/bin/../ide7:/Users/paul/Applications/NetBeans.app/Contents/MacOS/../Resources/NetBeans/bin/../enterprise3:/Users/paul/Applications/NetBeans.app/Contents/MacOS/../Resources/NetBeans/bin/../harness:"></property>
    <property name="java.specification.name" value="Java Platform API Specification"></property>
    <property name="javadoc.author" value="false"></property>
    <property name="user.timezone" value=""></property>
    <property name="netbeans.system_http_non_proxy_hosts" value=""></property>
    <property name="manifest.available" value="true"></property>
    <property name="libs.junit.javadoc" value="/Users/paul/Applications/NetBeans.app/Contents/Resources/NetBeans/ide7/docs/junit-3.8.1-api.zip"></property>
    <property name="org.openide.specification.version" value="6.2"></property>
    <property name="path.separator" value=":"></property>
    <property name="libs.absolutelayout.classpath" value="/Users/paul/Applications/NetBeans.app/Contents/Resources/NetBeans/ide7/modules/ext/AbsoluteLayout.jar"></property>
    <property name="libs.jaxrpc16.classpath" value="/Users/paul/Applications/NetBeans.app/Contents/Resources/NetBeans/ide7/modules/ext/jaxrpc16/activation.jar:/Users/paul/Applications/NetBeans.app/Contents/Resources/NetBeans/ide7/modules/ext/jaxrpc16/FastInfoset.jar:/Users/paul/Applications/NetBeans.app/Contents/Resources/NetBeans/ide7/modules/ext/jaxrpc16/jax-qname.jar:/Users/paul/Applications/NetBeans.app/Contents/Resources/NetBeans/ide7/modules/ext/jaxrpc16/jaxp-api.jar:/Users/paul/Applications/NetBeans.app/Contents/Resources/NetBeans/ide7/modules/ext/jaxrpc16/jaxrpc-api.jar:/Users/paul/Applications/NetBeans.app/Contents/Resources/NetBeans/ide7/modules/ext/jaxrpc16/jaxrpc-impl.jar:/Users/paul/Applications/NetBeans.app/Contents/Resources/NetBeans/ide7/modules/ext/jaxrpc16/jaxrpc-spi.jar:/Users/paul/Applications/NetBeans.app/Contents/Resources/NetBeans/ide7/modules/ext/jaxrpc16/jsr173_api.jar:/Users/paul/Applications/NetBeans.app/Contents/Resources/NetBeans/ide7/modules/ext/jaxrpc16/mail.jar:/Users/paul/Applications/NetBeans.app/Contents/Resources/NetBeans/ide7/modules/ext/jaxrpc16/relaxngDatatype.jar:/Users/paul/Applications/NetBeans.app/Contents/Resources/NetBeans/ide7/modules/ext/jaxrpc16/saaj-api.jar:/Users/paul/Applications/NetBeans.app/Contents/Resources/NetBeans/ide7/modules/ext/jaxrpc16/saaj-impl.jar:/Users/paul/Applications/NetBeans.app/Contents/Resources/NetBeans/ide7/modules/ext/jaxrpc16/xsdlib.jar"></property>
    <property name="netbeans.accept_license_class" value="org.netbeans.license.AcceptLicense"></property>
    <property name="file.encoding" value="MacRoman"></property>
    <property name="dist.javadoc.dir" value="dist/javadoc"></property>
    <property name="Env-SHELL" value="/bin/bash"></property>
    <property name="env-shlvl" value="2"></property>
    <property name="https.nonProxyHosts" value="lansystems|*.lansystems|localhost|127.0.0.1|suleyman.local|192.168.1.109"></property>
    <property name="libs.junit.src" value=""></property>
    <property name="Env-PWD" value="/"></property>
    <property name="ant.file" value="/Users/paul/dev/alesimulator/trunk/build.xml"></property>
    <property name="copyfiles.classpath" value="/Users/paul/Applications/NetBeans.app/Contents/Resources/NetBeans/enterprise3/ant/extra/copyfiles.jar"></property>
    <property name="netbeans.autoupdate.language" value="en"></property>
    <property name="java.io.tmpdir" value="/tmp"></property>
    <property name="Env-USER" value="paul"></property>
    <property name="build.test.results.dir" value="build/test/results"></property>
    <property name="user.language" value="en"></property>
    <property name="libs.jaxws20.src" value=""></property>
    <property name="line.separator" value="
"></property>
    <property name="apple.laf.useScreenMenuBar" value="true"></property>
    <property name="libs.absolutelayout.src" value=""></property>
    <property name="javac.compilerargs" value=""></property>
    <property name="netbeans.osenv.nullsep" value="false"></property>
    <property name="jar.compress" value="false"></property>
    <property name="Env-APP_ICON_650" value="/Users/paul/Applications/NetBeans.app/Contents/MacOS/../Resources/NetBeans/bin/../nb5.5/netbeans.icns"></property>
    <property name="java.vm.info" value="mixed mode, sharing"></property>
    <property name="javadoc.private" value="true"></property>
    <property name="build.test.classes.dir" value="build/test/classes"></property>
    <property name="java.vm.specification.name" value="Java Virtual Machine Specification"></property>
    <property name="env-_" value="/System/Library/Frameworks/JavaVM.framework/Versions/1.5/Home/bin/java"></property>
    <property name="netbeans.dynamic.classpath" value="/Users/paul/Applications/NetBeans.app/Contents/Resources/NetBeans/platform6/core/core.jar:/Users/paul/Applications/NetBeans.app/Contents/Resources/NetBeans/platform6/core/org-openide-filesystems.jar:/Users/paul/Applications/NetBeans.app/Contents/Resources/NetBeans/platform6/core/locale/core_ja.jar:/Users/paul/Applications/NetBeans.app/Contents/Resources/NetBeans/platform6/core/locale/core_pt_BR.jar:/Users/paul/Applications/NetBeans.app/Contents/Resources/NetBeans/platform6/core/locale/core_zh_CN.jar:/Users/paul/Applications/NetBeans.app/Contents/Resources/NetBeans/platform6/core/locale/org-openide-filesystems_ja.jar:/Users/paul/Applications/NetBeans.app/Contents/Resources/NetBeans/platform6/core/locale/org-openide-filesystems_pt_BR.jar:/Users/paul/Applications/NetBeans.app/Contents/Resources/NetBeans/platform6/core/locale/org-openide-filesystems_zh_CN.jar:/Users/paul/Applications/NetBeans.app/Contents/Resources/NetBeans/nb5.5/core/org-netbeans-upgrader.jar:/Users/paul/Applications/NetBeans.app/Contents/Resources/NetBeans/nb5.5/core/locale/core_nb.jar:/Users/paul/Applications/NetBeans.app/Contents/Resources/NetBeans/nb5.5/core/locale/core_nb_ja.jar:/Users/paul/Applications/NetBeans.app/Contents/Resources/NetBeans/nb5.5/core/locale/core_nb_pt_BR.jar:/Users/paul/Applications/NetBeans.app/Contents/Resources/NetBeans/nb5.5/core/locale/core_nb_zh_CN.jar:/Users/paul/Applications/NetBeans.app/Contents/Resources/NetBeans/nb5.5/core/locale/org-netbeans-upgrader_ja.jar:/Users/paul/Applications/NetBeans.app/Contents/Resources/NetBeans/nb5.5/core/locale/org-netbeans-upgrader_pt_BR.jar:/Users/paul/Applications/NetBeans.app/Contents/Resources/NetBeans/nb5.5/core/locale/org-netbeans-upgrader_zh_CN.jar:/Users/paul/Applications/NetBeans.app/Contents/Resources/NetBeans/ide7/core/org-netbeans-modules-utilities-cli.jar"></property>
    <property name="manifest.available+main.class" value="true"></property>
    <property name="platform.active" value="default_platform"></property>
    <property name="Env-_" value="/System/Library/Frameworks/JavaVM.framework/Versions/1.5/Home/bin/java"></property>
    <property name="http.nonProxyHosts" value="lansystems|*.lansystems|localhost|127.0.0.1|suleyman.local|192.168.1.109"></property>
    <property name="javac.includes" value="adhoc/structure/WorldTest.java"></property>
    <property name="libs.jsf.src" value=""></property>
    <property name="netbeans.autoupdate.country" value="US"></property>
    <property name="javadoc.encoding" value=""></property>
    <property name="java.awt.printerjob" value="apple.awt.CPrinterJob"></property>
    <property name="dist.jar" value="dist/ALES.jar"></property>
    <property name="libs.struts.classpath" value="/Users/paul/Applications/NetBeans.app/Contents/Resources/NetBeans/enterprise3/modules/ext/struts/antlr.jar:/Users/paul/Applications/NetBeans.app/Contents/Resources/NetBeans/enterprise3/modules/ext/struts/commons-beanutils.jar:/Users/paul/Applications/NetBeans.app/Contents/Resources/NetBeans/enterprise3/modules/ext/struts/commons-digester.jar:/Users/paul/Applications/NetBeans.app/Contents/Resources/NetBeans/enterprise3/modules/ext/struts/commons-fileupload.jar:/Users/paul/Applications/NetBeans.app/Contents/Resources/NetBeans/enterprise3/modules/ext/struts/commons-logging.jar:/Users/paul/Applications/NetBeans.app/Contents/Resources/NetBeans/enterprise3/modules/ext/struts/commons-validator.jar:/Users/paul/Applications/NetBeans.app/Contents/Resources/NetBeans/enterprise3/modules/ext/struts/jakarta-oro.jar:/Users/paul/Applications/NetBeans.app/Contents/Resources/NetBeans/enterprise3/modules/ext/struts/struts.jar"></property>
    <property name="ant.version" value="Apache Ant version 1.6.5 compiled on June 2 2005"></property>
    <property name="netbeans.home" value="/Users/paul/Applications/NetBeans.app/Contents/Resources/NetBeans/platform6"></property>
    <property name="javadoc.nonavbar" value="false"></property>
    <property name="user.properties.file" value="/Users/paul/.netbeans/5.5/build.properties"></property>
    <property name="libs.toplink.classpath" value="/Users/paul/Applications/NetBeans.app/Contents/Resources/NetBeans/enterprise3/modules/ext/toplink/toplink-essentials.jar:/Users/paul/Applications/NetBeans.app/Contents/Resources/NetBeans/enterprise3/modules/ext/toplink/toplink-essentials-agent.jar"></property>
    <property name="netbeans.importclass" value="org.netbeans.upgrade.AutoUpgrade"></property>
    <property name="https.proxyPort" value=""></property>
    <property name="gopherProxySet" value="false"></property>
    <property name="netbeans.home+have.tests" value="true"></property>
    <property name="apple.awt.graphics.UseQuartz" value="true"></property>
    <property name="env-home" value="/Users/paul"></property>
    <property name="os.name" value="Mac OS X"></property>
    <property name="java.specification.vendor" value="Sun Microsystems Inc."></property>
    <property name="run.test.classpath" value="/Users/paul/Applications/NetBeans.app/Contents/Resources/NetBeans/platform6/modules/ext/swing-layout-1.0.jar:build/classes:/Users/paul/Applications/NetBeans.app/Contents/Resources/NetBeans/ide7/modules/ext/junit-3.8.1.jar:build/test/classes"></property>
    <property name="java.vm.name" value="Java HotSpot(TM) Client VM"></property>
    <property name="libs.CopyLibs.src" value=""></property>
    <property name="env-app_icon_650" value="/Users/paul/Applications/NetBeans.app/Contents/MacOS/../Resources/NetBeans/bin/../nb5.5/netbeans.icns"></property>
    <property name="mrj.version" value="1040.1.5.0_13-241"></property>
    <property name="org.openide.version" value="deprecated"></property>
    <property name="libs.junit.classpath" value="/Users/paul/Applications/NetBeans.app/Contents/Resources/NetBeans/ide7/modules/ext/junit-3.8.1.jar"></property>
    <property name="java.library.path" value=".:/Library/Java/Extensions:/System/Library/Java/Extensions:/usr/lib/java"></property>
    <property name="libs.toplink.javadoc" value=""></property>
    <property name="env-__cf_user_text_encoding" value="0x1F5:0:0"></property>
    <property name="ant.java.version" value="1.5"></property>
    <property name="basedir" value="/Users/paul/dev/alesimulator/trunk"></property>
    <property name="javadoc.noindex" value="false"></property>
    <property name="java.class.version" value="49.0"></property>
    <property name="sun.awt.exception.handler" value="org.netbeans.core.NbErrorManager$AWTHandler"></property>
    <property name="javac.test.classpath" value="/Users/paul/Applications/NetBeans.app/Contents/Resources/NetBeans/platform6/modules/ext/swing-layout-1.0.jar:build/classes:/Users/paul/Applications/NetBeans.app/Contents/Resources/NetBeans/ide7/modules/ext/junit-3.8.1.jar"></property>
    <property name="ant.home" value="/Users/paul/Applications/NetBeans.app/Contents/Resources/NetBeans/ide7/ant"></property>
    <property name="javadoc.splitindex" value="true"></property>
    <property name="libs.toplink.src" value=""></property>
    <property name="env-java_main_class_650" value="org.netbeans.Main"></property>
    <property name="javadoc.preview" value="true"></property>
    <property name="env-pwd" value="/"></property>
    <property name="libs.CopyLibs.javadoc" value=""></property>
    <property name="libs.jaxws20.javadoc" value=""></property>
    <property name="env-shell" value="/bin/bash"></property>
    <property name="sun.boot.library.path" value="/System/Library/Frameworks/JavaVM.framework/Versions/1.5.0/Libraries"></property>
    <property name="build.dir" value="build"></property>
    <property name="sun.management.compiler" value="HotSpot Client Compiler"></property>
    <property name="java.awt.graphicsenv" value="apple.awt.CGraphicsEnvironment"></property>
    <property name="libs.jaxb20.classpath" value="/Users/paul/Applications/NetBeans.app/Contents/Resources/NetBeans/ide7/modules/ext/jaxws20/activation.jar:/Users/paul/Applications/NetBeans.app/Contents/Resources/NetBeans/ide7/modules/ext/jaxws20/jaxb-api.jar:/Users/paul/Applications/NetBeans.app/Contents/Resources/NetBeans/ide7/modules/ext/jaxws20/jaxb-impl.jar:/Users/paul/Applications/NetBeans.app/Contents/Resources/NetBeans/ide7/modules/ext/jaxws20/jaxb-xjc.jar:/Users/paul/Applications/NetBeans.app/Contents/Resources/NetBeans/ide7/modules/ext/jaxws20/jsr173_api.jar"></property>
    <property name="javadoc.windowtitle" value=""></property>
    <property name="http.proxyPort" value=""></property>
    <property name="com.apple.mrj.application.apple.menu.about.name" value="NetBeans"></property>
    <property name="https.proxyHost" value=""></property>
    <property name="netbeans.osenv" value="/tmp/nbenv.611"></property>
    <property name="libs.jstl11.javadoc" value="/Users/paul/Applications/NetBeans.app/Contents/Resources/NetBeans/enterprise3/docs/javaee5-doc-api.zip"></property>
    <property name="run.jvmargs" value=""></property>
    <property name="build.compiler.emacs" value="true"></property>
    <property name="libs.jstl11.src" value=""></property>
    <property name="ant.project.name" value="ALES"></property>
    <property name="libs.swing-layout.classpath" value="/Users/paul/Applications/NetBeans.app/Contents/Resources/NetBeans/platform6/modules/ext/swing-layout-1.0.jar"></property>
    <property name="Env-JAVA_MAIN_CLASS_650" value="org.netbeans.Main"></property>
    <property name="java.vm.specification.version" value="1.0"></property>
    <property name="work.dir" value="/Users/paul/dev/alesimulator/trunk"></property>
    <property name="awt.toolkit" value="apple.awt.CToolkit"></property>
    <property name="ant.file.ALES-impl" value="/Users/paul/dev/alesimulator/trunk/nbproject/build-impl.xml"></property>
    <property name="javadoc.use" value="true"></property>
    <property name="sun.cpu.isalist" value=""></property>
    <property name="ant.file.ALES" value="/Users/paul/dev/alesimulator/trunk/build.xml"></property>
    <property name="java.ext.dirs" value="/Library/Java/Extensions:/System/Library/Java/Extensions:/System/Library/Frameworks/JavaVM.framework/Versions/1.5.0/Home/lib/ext"></property>
    <property name="os.version" value="10.4.11"></property>
    <property name="libs.jstl11.classpath" value="/Users/paul/Applications/NetBeans.app/Contents/Resources/NetBeans/enterprise3/modules/ext/standard.jar:/Users/paul/Applications/NetBeans.app/Contents/Resources/NetBeans/enterprise3/modules/ext/jstl.jar"></property>
    <property name="user.home" value="/Users/paul"></property>
    <property name="org.xml.sax.driver" value="org.apache.crimson.parser.XMLReaderImpl"></property>
    <property name="javax.xml.parsers.DocumentBuilderFactory" value="org.netbeans.core.startup.DOMFactoryImpl"></property>
    <property name="java.vm.vendor" value="&quot;Apple Computer, Inc.&quot;"></property>
    <property name="libs.struts.src" value=""></property>
    <property name="org.openide.TopManager.GUI" value="true"></property>
    <property name="user.dir" value="/Users/paul/dev/alesimulator/trunk"></property>
    <property name="libs.jaxb20.javadoc" value=""></property>
    <property name="libs.jsf.javadoc" value="/Users/paul/Applications/NetBeans.app/Contents/Resources/NetBeans/enterprise3/docs/javaee5-doc-api.zip"></property>
    <property name="application.args" value=""></property>
    <property name="env-path" value="/usr/bin:/bin:/usr/sbin:/sbin"></property>
    <property name="sun.cpu.endian" value="little"></property>
    <property name="libs.jaxb20.src" value=""></property>
    <property name="Env-J2D_PIXMAPS" value="shared"></property>
    <property name="java.vm.version" value="1.5.0_13-121"></property>
    <property name="java.class.path" value="/Users/paul/Applications/NetBeans.app/Contents/Resources/NetBeans/platform6/modules/ext/swing-layout-1.0.jar:/Users/paul/dev/alesimulator/trunk/build/classes:/Users/paul/Applications/NetBeans.app/Contents/Resources/NetBeans/ide7/modules/ext/junit-3.8.1.jar:/Users/paul/dev/alesimulator/trunk/build/test/classes:/Users/paul/Applications/NetBeans.app/Contents/Resources/NetBeans/ide7/ant/lib/ant-launcher.jar:/Users/paul/Applications/NetBeans.app/Contents/Resources/NetBeans/ide7/ant/lib/ant.jar:/Users/paul/Applications/NetBeans.app/Contents/Resources/NetBeans/ide7/ant/lib/ant-junit.jar:/System/Library/Frameworks/JavaVM.framework/Versions/1.5.0/Classes/.compatibility/14compatibility.jar"></property>
    <property name="javax.xml.parsers.SAXParserFactory" value="org.netbeans.core.startup.SAXFactoryImpl"></property>
    <property name="os.arch" value="i386"></property>
    <property name="javac.deprecation" value="false"></property>
    <property name="http.proxyHost" value=""></property>
    <property name="nbplatform.default.netbeans.dest.dir" value="/Users/paul/Applications/NetBeans.app/Contents/Resources/NetBeans"></property>
    <property name="build.classes.excludes" value="**/*.java,**/*.form"></property>
    <property name="dist.dir" value="dist"></property>
    <property name="debug.classpath" value="/Users/paul/Applications/NetBeans.app/Contents/Resources/NetBeans/platform6/modules/ext/swing-layout-1.0.jar:build/classes"></property>
    <property name="netbeans.user" value="/Users/paul/.netbeans/5.5"></property>
    <property name="sun.java.launcher" value="SUN_STANDARD"></property>
    <property name="Env-SHLVL" value="2"></property>
    <property name="java.vm.specification.vendor" value="Sun Microsystems Inc."></property>
    <property name="file.separator" value="/"></property>
    <property name="java.runtime.version" value="1.5.0_13-b05-241"></property>
    <property name="sun.boot.class.path" value="/System/Library/Frameworks/JavaVM.framework/Versions/1.5.0/Classes/classes.jar:/System/Library/Frameworks/JavaVM.framework/Versions/1.5.0/Classes/ui.jar:/System/Library/Frameworks/JavaVM.framework/Versions/1.5.0/Classes/laf.jar:/System/Library/Frameworks/JavaVM.framework/Versions/1.5.0/Classes/sunrsasign.jar:/System/Library/Frameworks/JavaVM.framework/Versions/1.5.0/Classes/jsse.jar:/System/Library/Frameworks/JavaVM.framework/Versions/1.5.0/Classes/jce.jar:/System/Library/Frameworks/JavaVM.framework/Versions/1.5.0/Classes/charsets.jar"></property>
    <property name="debug.test.classpath" value="/Users/paul/Applications/NetBeans.app/Contents/Resources/NetBeans/platform6/modules/ext/swing-layout-1.0.jar:build/classes:/Users/paul/Applications/NetBeans.app/Contents/Resources/NetBeans/ide7/modules/ext/junit-3.8.1.jar:build/test/classes"></property>
    <property name="env-user" value="paul"></property>
    <property name="have.tests" value="true"></property>
    <property name="main.class" value="ales.ALES"></property>
    <property name="test.includes" value="adhoc/structure/WorldTest.java"></property>
    <property name="Env-HOME" value="/Users/paul"></property>
    <property name="user.country" value="US"></property>
    <property name="javadoc.notree" value="false"></property>
    <property name="libs.struts.javadoc" value="/Users/paul/Applications/NetBeans.app/Contents/Resources/NetBeans/enterprise3/docs/struts-1.2.9-javadoc.zip"></property>
    <property name="platforms.Java_HotSpot_TM__Client_VM_1.4.2-76.home" value="/System/Library/Frameworks/JavaVM.framework/Versions/1.4.2/Home"></property>
    <property name="Env-APP_NAME_650" value="NetBeans"></property>
    <property name="javac.classpath" value="/Users/paul/Applications/NetBeans.app/Contents/Resources/NetBeans/platform6/modules/ext/swing-layout-1.0.jar"></property>
    <property name="javadoc.additionalparam" value=""></property>
    <property name="default.javac.target" value="1.5"></property>
    <property name="build.classes.dir" value="build/classes"></property>
    <property name="libs.swing-layout.src" value=""></property>
    <property name="libs.swing-layout.javadoc" value="/Users/paul/Applications/NetBeans.app/Contents/Resources/NetBeans/platform6/docs/swing-layout-1.0-doc.zip"></property>
    <property name="java.vendor" value="Apple Computer, Inc."></property>
    <property name="javac.target" value="1.4"></property>
    <property name="env-j2d_pixmaps" value="shared"></property>
    <property name="awt.nativeDoubleBuffering" value="true"></property>
    <property name="libs.jaxrpc16.javadoc" value=""></property>
    <property name="java.specification.version" value="1.5"></property>
    <property name="sun.arch.data.model" value="32"></property>
  </properties>
  <testcase classname="adhoc.structure.WorldTest" name="testBoard" time="0.327"></testcase>
  <system-out><![CDATA[]]></system-out>
  <system-err><![CDATA[]]></system-err>
</testsuite>
